<?xml version="1.0" encoding="UTF-8"?>
<!-- Generated by org.testng.reporters.JUnitReportReporter -->
<testsuite skipped="0" hostname="ASDA0081" name="com.qait.AdvanceCourse.AdvanceCourseMaven.NewTest" tests="3" failures="0" timestamp="02 Jul 2018 08:40:54 GMT" time="2.698" errors="0">
  <testcase name="welcomepage" time="0.844" classname="com.qait.AdvanceCourse.AdvanceCourseMaven.NewTest"/>
  <testcase name="HoverMenu" time="0.195" classname="com.qait.AdvanceCourse.AdvanceCourseMaven.NewTest"/>
  <testcase name="QueryGate" time="1.659" classname="com.qait.AdvanceCourse.AdvanceCourseMaven.NewTest"/>
</testsuite> <!-- com.qait.AdvanceCourse.AdvanceCourseMaven.NewTest -->
