<?xml version="1.0" encoding="UTF-8"?>
<!-- Generated by org.testng.reporters.JUnitReportReporter -->
<testsuite skipped="0" hostname="ASDA0081" name="com.qait.automation.AdvanceViaMethod.NewTest" tests="3" failures="0" timestamp="02 Jul 2018 08:50:05 GMT" time="3.486" errors="0">
  <testcase name="welcomepage" time="1.212" classname="com.qait.automation.AdvanceViaMethod.NewTest"/>
  <testcase name="HoverMenu" time="0.153" classname="com.qait.automation.AdvanceViaMethod.NewTest"/>
  <testcase name="QueryGate" time="2.121" classname="com.qait.automation.AdvanceViaMethod.NewTest"/>
</testsuite> <!-- com.qait.automation.AdvanceViaMethod.NewTest -->
